<?xml version="1.0" encoding="UTF-8"?>
<testsuite xmlns:xsi="http://www.w3.org/2001/XMLSchema-instance" xsi:noNamespaceSchemaLocation="https://maven.apache.org/surefire/maven-surefire-plugin/xsd/surefire-test-report-3.0.xsd" version="3.0" name="eu.chargetime.ocpp.model.test.GetConfigurationConfirmationTest" time="0.013" tests="8" errors="0" skipped="0" failures="0">
  <properties>
    <property name="java.specification.version" value="22"/>
    <property name="sun.jnu.encoding" value="UTF-8"/>
    <property name="java.class.path" value="/Users/yasino/SummerTerm2024/CSCI3130/Java-OCA-OCPP/ocpp-v1_6/target/test-classes:/Users/yasino/SummerTerm2024/CSCI3130/Java-OCA-OCPP/ocpp-v1_6/target/classes:/Users/yasino/SummerTerm2024/CSCI3130/Java-OCA-OCPP/ocpp-common/target/classes:/Users/yasino/.m2/repository/javax/xml/bind/jaxb-api/2.3.1/jaxb-api-2.3.1.jar:/Users/yasino/.m2/repository/javax/activation/javax.activation-api/1.2.0/javax.activation-api-1.2.0.jar:/Users/yasino/.m2/repository/javax/xml/soap/javax.xml.soap-api/1.4.0/javax.xml.soap-api-1.4.0.jar:/Users/yasino/.m2/repository/org/slf4j/slf4j-api/2.0.9/slf4j-api-2.0.9.jar:/Users/yasino/SummerTerm2024/CSCI3130/Java-OCA-OCPP/OCPP-J/target/classes:/Users/yasino/.m2/repository/com/google/code/gson/gson/2.10.1/gson-2.10.1.jar:/Users/yasino/.m2/repository/org/java-websocket/Java-WebSocket/1.5.4/Java-WebSocket-1.5.4.jar:/Users/yasino/.m2/repository/junit/junit/4.13.2/junit-4.13.2.jar:/Users/yasino/.m2/repository/org/mockito/mockito-core/4.11.0/mockito-core-4.11.0.jar:/Users/yasino/.m2/repository/net/bytebuddy/byte-buddy/1.12.19/byte-buddy-1.12.19.jar:/Users/yasino/.m2/repository/net/bytebuddy/byte-buddy-agent/1.12.19/byte-buddy-agent-1.12.19.jar:/Users/yasino/.m2/repository/org/objenesis/objenesis/3.3/objenesis-3.3.jar:/Users/yasino/.m2/repository/org/hamcrest/hamcrest-core/2.2/hamcrest-core-2.2.jar:/Users/yasino/.m2/repository/org/hamcrest/hamcrest/2.2/hamcrest-2.2.jar:/Users/yasino/.m2/repository/ch/qos/logback/logback-classic/1.4.13/logback-classic-1.4.13.jar:/Users/yasino/.m2/repository/ch/qos/logback/logback-core/1.4.13/logback-core-1.4.13.jar:"/>
    <property name="java.vm.vendor" value="Homebrew"/>
    <property name="sun.arch.data.model" value="64"/>
    <property name="java.vendor.url" value="https://github.com/Homebrew/homebrew-core/issues"/>
    <property name="user.timezone" value="America/Halifax"/>
    <property name="os.name" value="Mac OS X"/>
    <property name="java.vm.specification.version" value="22"/>
    <property name="sun.java.launcher" value="SUN_STANDARD"/>
    <property name="user.country" value="CA"/>
    <property name="sun.boot.library.path" value="/usr/local/Cellar/openjdk/22.0.1/libexec/openjdk.jdk/Contents/Home/lib"/>
    <property name="sun.java.command" value="/Users/yasino/SummerTerm2024/CSCI3130/Java-OCA-OCPP/ocpp-v1_6/target/surefire/surefirebooter-20240717165254275_28.jar /Users/yasino/SummerTerm2024/CSCI3130/Java-OCA-OCPP/ocpp-v1_6/target/surefire 2024-07-17T16-52-49_904-jvmRun1 surefire-20240717165254275_26tmp surefire_2-20240717165254275_27tmp"/>
    <property name="http.nonProxyHosts" value="local|*.local|169.254/16|*.169.254/16"/>
    <property name="jdk.debug" value="release"/>
    <property name="surefire.test.class.path" value="/Users/yasino/SummerTerm2024/CSCI3130/Java-OCA-OCPP/ocpp-v1_6/target/test-classes:/Users/yasino/SummerTerm2024/CSCI3130/Java-OCA-OCPP/ocpp-v1_6/target/classes:/Users/yasino/SummerTerm2024/CSCI3130/Java-OCA-OCPP/ocpp-common/target/classes:/Users/yasino/.m2/repository/javax/xml/bind/jaxb-api/2.3.1/jaxb-api-2.3.1.jar:/Users/yasino/.m2/repository/javax/activation/javax.activation-api/1.2.0/javax.activation-api-1.2.0.jar:/Users/yasino/.m2/repository/javax/xml/soap/javax.xml.soap-api/1.4.0/javax.xml.soap-api-1.4.0.jar:/Users/yasino/.m2/repository/org/slf4j/slf4j-api/2.0.9/slf4j-api-2.0.9.jar:/Users/yasino/SummerTerm2024/CSCI3130/Java-OCA-OCPP/OCPP-J/target/classes:/Users/yasino/.m2/repository/com/google/code/gson/gson/2.10.1/gson-2.10.1.jar:/Users/yasino/.m2/repository/org/java-websocket/Java-WebSocket/1.5.4/Java-WebSocket-1.5.4.jar:/Users/yasino/.m2/repository/junit/junit/4.13.2/junit-4.13.2.jar:/Users/yasino/.m2/repository/org/mockito/mockito-core/4.11.0/mockito-core-4.11.0.jar:/Users/yasino/.m2/repository/net/bytebuddy/byte-buddy/1.12.19/byte-buddy-1.12.19.jar:/Users/yasino/.m2/repository/net/bytebuddy/byte-buddy-agent/1.12.19/byte-buddy-agent-1.12.19.jar:/Users/yasino/.m2/repository/org/objenesis/objenesis/3.3/objenesis-3.3.jar:/Users/yasino/.m2/repository/org/hamcrest/hamcrest-core/2.2/hamcrest-core-2.2.jar:/Users/yasino/.m2/repository/org/hamcrest/hamcrest/2.2/hamcrest-2.2.jar:/Users/yasino/.m2/repository/ch/qos/logback/logback-classic/1.4.13/logback-classic-1.4.13.jar:/Users/yasino/.m2/repository/ch/qos/logback/logback-core/1.4.13/logback-core-1.4.13.jar:"/>
    <property name="sun.cpu.endian" value="little"/>
    <property name="user.home" value="/Users/yasino"/>
    <property name="user.language" value="en"/>
    <property name="java.specification.vendor" value="Oracle Corporation"/>
    <property name="java.version.date" value="2024-04-16"/>
    <property name="java.home" value="/usr/local/Cellar/openjdk/22.0.1/libexec/openjdk.jdk/Contents/Home"/>
    <property name="file.separator" value="/"/>
    <property name="basedir" value="/Users/yasino/SummerTerm2024/CSCI3130/Java-OCA-OCPP/ocpp-v1_6"/>
    <property name="java.vm.compressedOopsMode" value="Zero based"/>
    <property name="line.separator" value="&#10;"/>
    <property name="java.vm.specification.vendor" value="Oracle Corporation"/>
    <property name="java.specification.name" value="Java Platform API Specification"/>
    <property name="apple.awt.application.name" value="ForkedBooter"/>
    <property name="surefire.real.class.path" value="/Users/yasino/SummerTerm2024/CSCI3130/Java-OCA-OCPP/ocpp-v1_6/target/surefire/surefirebooter-20240717165254275_28.jar"/>
    <property name="sun.management.compiler" value="HotSpot 64-Bit Tiered Compilers"/>
    <property name="ftp.nonProxyHosts" value="local|*.local|169.254/16|*.169.254/16"/>
    <property name="java.runtime.version" value="22.0.1"/>
    <property name="user.name" value="yasino"/>
    <property name="stdout.encoding" value="UTF-8"/>
    <property name="path.separator" value=":"/>
    <property name="os.version" value="14.5"/>
    <property name="java.runtime.name" value="OpenJDK Runtime Environment"/>
    <property name="file.encoding" value="UTF-8"/>
    <property name="java.vm.name" value="OpenJDK 64-Bit Server VM"/>
    <property name="java.vendor.version" value="Homebrew"/>
    <property name="localRepository" value="/Users/yasino/.m2/repository"/>
    <property name="java.vendor.url.bug" value="https://github.com/Homebrew/homebrew-core/issues"/>
    <property name="java.io.tmpdir" value="/var/folders/xt/jk072k796qq_b24htpsr71300000gn/T/"/>
    <property name="java.version" value="22.0.1"/>
    <property name="user.dir" value="/Users/yasino/SummerTerm2024/CSCI3130/Java-OCA-OCPP/ocpp-v1_6"/>
    <property name="os.arch" value="x86_64"/>
    <property name="java.vm.specification.name" value="Java Virtual Machine Specification"/>
    <property name="native.encoding" value="UTF-8"/>
    <property name="java.library.path" value="/Users/yasino/Library/Java/Extensions:/Library/Java/Extensions:/Network/Library/Java/Extensions:/System/Library/Java/Extensions:/usr/lib/java:."/>
    <property name="java.vm.info" value="mixed mode, sharing"/>
    <property name="stderr.encoding" value="UTF-8"/>
    <property name="java.vendor" value="Homebrew"/>
    <property name="java.vm.version" value="22.0.1"/>
    <property name="sun.io.unicode.encoding" value="UnicodeBig"/>
    <property name="socksNonProxyHosts" value="local|*.local|169.254/16|*.169.254/16"/>
    <property name="java.class.version" value="66.0"/>
  </properties>
  <testcase name="setUnknownKey_aListWithStringLength51_throwsPropertyConstraintException" classname="eu.chargetime.ocpp.model.test.GetConfigurationConfirmationTest" time="0.0"/>
  <testcase name="setUnknownKey_aListWithAStringLength51_throwsPropertyConstraintException" classname="eu.chargetime.ocpp.model.test.GetConfigurationConfirmationTest" time="0.0"/>
  <testcase name="validate_configurationKeyIsSet_configurationKeyIsValidated" classname="eu.chargetime.ocpp.model.test.GetConfigurationConfirmationTest" time="0.01"/>
  <testcase name="setUnknownKey_aListWithStringLength50_unknownKeyIsSet" classname="eu.chargetime.ocpp.model.test.GetConfigurationConfirmationTest" time="0.0"/>
  <testcase name="setUnknownKey_aListWithMoreStringLength50_unknownKeyIsSet" classname="eu.chargetime.ocpp.model.test.GetConfigurationConfirmationTest" time="0.001"/>
  <testcase name="validate_returnTrue" classname="eu.chargetime.ocpp.model.test.GetConfigurationConfirmationTest" time="0.0"/>
  <testcase name="setConfigurationKey_aKeyValueType_configurationKeyIsSet" classname="eu.chargetime.ocpp.model.test.GetConfigurationConfirmationTest" time="0.0"/>
  <testcase name="validate_configurationKeyIsInvalid_returnsFalse" classname="eu.chargetime.ocpp.model.test.GetConfigurationConfirmationTest" time="0.001"/>
</testsuite>